# JRE version: Java(TM) SE Runtime Environment (8.0_191-b12) (build 1.8.0_191-b12)
# Java VM: Java HotSpot(TM) Client VM (25.191-b12 mixed mode windows-x86 )
Heap:
 def new generation   total 78656K, used 78656K [0x05200000, 0x0a750000, 0x0a750000)
  eden space 69952K, 100% used [0x05200000, 0x09650000, 0x09650000)
  from space 8704K, 100% used [0x09650000, 0x09ed0000, 0x09ed0000)
  to   space 8704K,   0% used [0x09ed0000, 0x09ed0000, 0x0a750000)
 tenured generation   total 174784K, used 174783K [0x0a750000, 0x15200000, 0x15200000)
   the space 174784K,  99% used [0x0a750000, 0x151fffe8, 0x15200000, 0x15200000)
 Metaspace       used 25748K, capacity 26415K, committed 26752K, reserved 27008K
GC Heap History (10 events):
Event: 2187.518 GC heap before
{Heap before GC invocations=90 (full 50):
 def new generation   total 78656K, used 78655K [0x05200000, 0x0a750000, 0x0a750000)
  eden space 69952K, 100% used [0x05200000, 0x09650000, 0x09650000)
  from space 8704K,  99% used [0x09650000, 0x09ecff90, 0x09ed0000)
  to   space 8704K,   0% used [0x09ed0000, 0x09ed0000, 0x0a750000)
 tenured generation   total 174784K, used 174784K [0x0a750000, 0x15200000, 0x15200000)
   the space 174784K, 100% used [0x0a750000, 0x15200000, 0x15200000, 0x15200000)
 Metaspace       used 25748K, capacity 26415K, committed 26752K, reserved 27008K
Event: 2187.808 GC heap after
Heap after GC invocations=91 (full 51):
 def new generation   total 78656K, used 78654K [0x05200000, 0x0a750000, 0x0a750000)
  eden space 69952K,  99% used [0x05200000, 0x0964fe58, 0x09650000)
  from space 8704K,  99% used [0x09650000, 0x09ecfd70, 0x09ed0000)
  to   space 8704K,   0% used [0x09ed0000, 0x09ed0000, 0x0a750000)
 tenured generation   total 174784K, used 174784K [0x0a750000, 0x15200000, 0x15200000)
   the space 174784K, 100% used [0x0a750000, 0x15200000, 0x15200000, 0x15200000)
 Metaspace       used 25748K, capacity 26415K, committed 26752K, reserved 27008K
}
Event: 2187.808 GC heap before
{Heap before GC invocations=91 (full 51):
 def new generation   total 78656K, used 78656K [0x05200000, 0x0a750000, 0x0a750000)
  eden space 69952K, 100% used [0x05200000, 0x09650000, 0x09650000)
  from space 8704K, 100% used [0x09650000, 0x09ed0000, 0x09ed0000)
  to   space 8704K,   0% used [0x09ed0000, 0x09ed0000, 0x0a750000)
 tenured generation   total 174784K, used 174784K [0x0a750000, 0x15200000, 0x15200000)
   the space 174784K, 100% used [0x0a750000, 0x15200000, 0x15200000, 0x15200000)
 Metaspace       used 25748K, capacity 26415K, committed 26752K, reserved 27008K
Event: 2188.090 GC heap after
Heap after GC invocations=92 (full 52):
 def new generation   total 78656K, used 78653K [0x05200000, 0x0a750000, 0x0a750000)
  eden space 69952K,  99% used [0x05200000, 0x0964fe68, 0x09650000)
  from space 8704K,  99% used [0x09650000, 0x09ecf738, 0x09ed0000)
  to   space 8704K,   0% used [0x09ed0000, 0x09ed0000, 0x0a750000)
 tenured generation   total 174784K, used 174784K [0x0a750000, 0x15200000, 0x15200000)
   the space 174784K, 100% used [0x0a750000, 0x15200000, 0x15200000, 0x15200000)
 Metaspace       used 25748K, capacity 26415K, committed 26752K, reserved 27008K
}
Event: 2188.090 GC heap before
{Heap before GC invocations=92 (full 52):
 def new generation   total 78656K, used 78655K [0x05200000, 0x0a750000, 0x0a750000)
  eden space 69952K, 100% used [0x05200000, 0x09650000, 0x09650000)
  from space 8704K,  99% used [0x09650000, 0x09ecfff8, 0x09ed0000)
  to   space 8704K,   0% used [0x09ed0000, 0x09ed0000, 0x0a750000)
 tenured generation   total 174784K, used 174784K [0x0a750000, 0x15200000, 0x15200000)
   the space 174784K, 100% used [0x0a750000, 0x15200000, 0x15200000, 0x15200000)
 Metaspace       used 25748K, capacity 26415K, committed 26752K, reserved 27008K
Event: 2188.349 GC heap after
Heap after GC invocations=93 (full 53):
 def new generation   total 78656K, used 78655K [0x05200000, 0x0a750000, 0x0a750000)
  eden space 69952K,  99% used [0x05200000, 0x0964ff48, 0x09650000)
  from space 8704K,  99% used [0x09650000, 0x09ecfcd8, 0x09ed0000)
  to   space 8704K,   0% used [0x09ed0000, 0x09ed0000, 0x0a750000)
 tenured generation   total 174784K, used 174784K [0x0a750000, 0x15200000, 0x15200000)
   the space 174784K, 100% used [0x0a750000, 0x15200000, 0x15200000, 0x15200000)
 Metaspace       used 25748K, capacity 26415K, committed 26752K, reserved 27008K
}
Event: 2188.349 GC heap before
{Heap before GC invocations=93 (full 53):
 def new generation   total 78656K, used 78655K [0x05200000, 0x0a750000, 0x0a750000)
  eden space 69952K, 100% used [0x05200000, 0x09650000, 0x09650000)
  from space 8704K,  99% used [0x09650000, 0x09ecfcd8, 0x09ed0000)
  to   space 8704K,   0% used [0x09ed0000, 0x09ed0000, 0x0a750000)
 tenured generation   total 174784K, used 174784K [0x0a750000, 0x15200000, 0x15200000)
   the space 174784K, 100% used [0x0a750000, 0x15200000, 0x15200000, 0x15200000)
 Metaspace       used 25748K, capacity 26415K, committed 26752K, reserved 27008K
Event: 2188.624 GC heap after
Heap after GC invocations=94 (full 54):
 def new generation   total 78656K, used 78655K [0x05200000, 0x0a750000, 0x0a750000)
  eden space 69952K,  99% used [0x05200000, 0x0964ff98, 0x09650000)
  from space 8704K,  99% used [0x09650000, 0x09ecfc98, 0x09ed0000)
  to   space 8704K,   0% used [0x09ed0000, 0x09ed0000, 0x0a750000)
 tenured generation   total 174784K, used 174784K [0x0a750000, 0x15200000, 0x15200000)
   the space 174784K, 100% used [0x0a750000, 0x15200000, 0x15200000, 0x15200000)
 Metaspace       used 25748K, capacity 26415K, committed 26752K, reserved 27008K
}
Event: 2188.624 GC heap before
{Heap before GC invocations=94 (full 54):
 def new generation   total 78656K, used 78655K [0x05200000, 0x0a750000, 0x0a750000)
  eden space 69952K,  99% used [0x05200000, 0x0964ff98, 0x09650000)
  from space 8704K,  99% used [0x09650000, 0x09ecfc98, 0x09ed0000)
  to   space 8704K,   0% used [0x09ed0000, 0x09ed0000, 0x0a750000)
 tenured generation   total 174784K, used 174784K [0x0a750000, 0x15200000, 0x15200000)
   the space 174784K, 100% used [0x0a750000, 0x15200000, 0x15200000, 0x15200000)
 Metaspace       used 25748K, capacity 26415K, committed 26752K, reserved 27008K
Event: 2188.915 GC heap after
Heap after GC invocations=95 (full 55):
 def new generation   total 78656K, used 78654K [0x05200000, 0x0a750000, 0x0a750000)
  eden space 69952K,  99% used [0x05200000, 0x0964ff30, 0x09650000)
  from space 8704K,  99% used [0x09650000, 0x09ecfc98, 0x09ed0000)
  to   space 8704K,   0% used [0x09ed0000, 0x09ed0000, 0x0a750000)
 tenured generation   total 174784K, used 174783K [0x0a750000, 0x15200000, 0x15200000)
   the space 174784K,  99% used [0x0a750000, 0x151fffd8, 0x15200000, 0x15200000)
 Metaspace       used 25748K, capacity 26415K, committed 26752K, reserved 27008K
}

