# JRE version: Java(TM) SE Runtime Environment (8.0_191-b12) (build 1.8.0_191-b12)
# Java VM: Java HotSpot(TM) Client VM (25.191-b12 mixed mode windows-x86 )
Heap:
 def new generation   total 78656K, used 78655K [0x04e00000, 0x0a350000, 0x0a350000)
  eden space 69952K, 100% used [0x04e00000, 0x09250000, 0x09250000)
  from space 8704K,  99% used [0x09ad0000, 0x0a34fff0, 0x0a350000)
  to   space 8704K,   0% used [0x09250000, 0x09250000, 0x09ad0000)
 tenured generation   total 174784K, used 174783K [0x0a350000, 0x14e00000, 0x14e00000)
   the space 174784K,  99% used [0x0a350000, 0x14dfffe8, 0x14e00000, 0x14e00000)
 Metaspace       used 25816K, capacity 26481K, committed 26880K, reserved 27008K
GC Heap History (10 events):
Event: 7448.417 GC heap before
{Heap before GC invocations=1039 (full 576):
 def new generation   total 78656K, used 78655K [0x04e00000, 0x0a350000, 0x0a350000)
  eden space 69952K, 100% used [0x04e00000, 0x09250000, 0x09250000)
  from space 8704K,  99% used [0x09ad0000, 0x0a34fff8, 0x0a350000)
  to   space 8704K,   0% used [0x09250000, 0x09250000, 0x09ad0000)
 tenured generation   total 174784K, used 174784K [0x0a350000, 0x14e00000, 0x14e00000)
   the space 174784K, 100% used [0x0a350000, 0x14e00000, 0x14e00000, 0x14e00000)
 Metaspace       used 25816K, capacity 26481K, committed 26880K, reserved 27008K
Event: 7448.673 GC heap after
Heap after GC invocations=1040 (full 577):
 def new generation   total 78656K, used 78655K [0x04e00000, 0x0a350000, 0x0a350000)
  eden space 69952K, 100% used [0x04e00000, 0x09250000, 0x09250000)
  from space 8704K,  99% used [0x09ad0000, 0x0a34fff8, 0x0a350000)
  to   space 8704K,   0% used [0x09250000, 0x09250000, 0x09ad0000)
 tenured generation   total 174784K, used 174784K [0x0a350000, 0x14e00000, 0x14e00000)
   the space 174784K, 100% used [0x0a350000, 0x14e00000, 0x14e00000, 0x14e00000)
 Metaspace       used 25816K, capacity 26481K, committed 26880K, reserved 27008K
}
Event: 7448.674 GC heap before
{Heap before GC invocations=1040 (full 577):
 def new generation   total 78656K, used 78655K [0x04e00000, 0x0a350000, 0x0a350000)
  eden space 69952K, 100% used [0x04e00000, 0x09250000, 0x09250000)
  from space 8704K,  99% used [0x09ad0000, 0x0a34fff8, 0x0a350000)
  to   space 8704K,   0% used [0x09250000, 0x09250000, 0x09ad0000)
 tenured generation   total 174784K, used 174784K [0x0a350000, 0x14e00000, 0x14e00000)
   the space 174784K, 100% used [0x0a350000, 0x14e00000, 0x14e00000, 0x14e00000)
 Metaspace       used 25816K, capacity 26481K, committed 26880K, reserved 27008K
Event: 7448.923 GC heap after
Heap after GC invocations=1041 (full 578):
 def new generation   total 78656K, used 78648K [0x04e00000, 0x0a350000, 0x0a350000)
  eden space 69952K, 100% used [0x04e00000, 0x09250000, 0x09250000)
  from space 8704K,  99% used [0x09ad0000, 0x0a34e338, 0x0a350000)
  to   space 8704K,   0% used [0x09250000, 0x09250000, 0x09ad0000)
 tenured generation   total 174784K, used 174784K [0x0a350000, 0x14e00000, 0x14e00000)
   the space 174784K, 100% used [0x0a350000, 0x14e00000, 0x14e00000, 0x14e00000)
 Metaspace       used 25816K, capacity 26481K, committed 26880K, reserved 27008K
}
Event: 7448.923 GC heap before
{Heap before GC invocations=1041 (full 578):
 def new generation   total 78656K, used 78655K [0x04e00000, 0x0a350000, 0x0a350000)
  eden space 69952K, 100% used [0x04e00000, 0x09250000, 0x09250000)
  from space 8704K,  99% used [0x09ad0000, 0x0a34fff0, 0x0a350000)
  to   space 8704K,   0% used [0x09250000, 0x09250000, 0x09ad0000)
 tenured generation   total 174784K, used 174784K [0x0a350000, 0x14e00000, 0x14e00000)
   the space 174784K, 100% used [0x0a350000, 0x14e00000, 0x14e00000, 0x14e00000)
 Metaspace       used 25816K, capacity 26481K, committed 26880K, reserved 27008K
Event: 7449.183 GC heap after
Heap after GC invocations=1042 (full 579):
 def new generation   total 78656K, used 78651K [0x04e00000, 0x0a350000, 0x0a350000)
  eden space 69952K,  99% used [0x04e00000, 0x0924ffa8, 0x09250000)
  from space 8704K,  99% used [0x09ad0000, 0x0a34ecc0, 0x0a350000)
  to   space 8704K,   0% used [0x09250000, 0x09250000, 0x09ad0000)
 tenured generation   total 174784K, used 174784K [0x0a350000, 0x14e00000, 0x14e00000)
   the space 174784K, 100% used [0x0a350000, 0x14e00000, 0x14e00000, 0x14e00000)
 Metaspace       used 25816K, capacity 26481K, committed 26880K, reserved 27008K
}
Event: 7449.184 GC heap before
{Heap before GC invocations=1042 (full 579):
 def new generation   total 78656K, used 78651K [0x04e00000, 0x0a350000, 0x0a350000)
  eden space 69952K, 100% used [0x04e00000, 0x09250000, 0x09250000)
  from space 8704K,  99% used [0x09ad0000, 0x0a34ee18, 0x0a350000)
  to   space 8704K,   0% used [0x09250000, 0x09250000, 0x09ad0000)
 tenured generation   total 174784K, used 174784K [0x0a350000, 0x14e00000, 0x14e00000)
   the space 174784K, 100% used [0x0a350000, 0x14e00000, 0x14e00000, 0x14e00000)
 Metaspace       used 25816K, capacity 26481K, committed 26880K, reserved 27008K
Event: 7449.516 GC heap after
Heap after GC invocations=1043 (full 580):
 def new generation   total 78656K, used 78651K [0x04e00000, 0x0a350000, 0x0a350000)
  eden space 69952K,  99% used [0x04e00000, 0x0924ffb8, 0x09250000)
  from space 8704K,  99% used [0x09ad0000, 0x0a34eda0, 0x0a350000)
  to   space 8704K,   0% used [0x09250000, 0x09250000, 0x09ad0000)
 tenured generation   total 174784K, used 174783K [0x0a350000, 0x14e00000, 0x14e00000)
   the space 174784K,  99% used [0x0a350000, 0x14dfffe8, 0x14e00000, 0x14e00000)
 Metaspace       used 25816K, capacity 26481K, committed 26880K, reserved 27008K
}
Event: 7449.516 GC heap before
{Heap before GC invocations=1043 (full 580):
 def new generation   total 78656K, used 78651K [0x04e00000, 0x0a350000, 0x0a350000)
  eden space 69952K,  99% used [0x04e00000, 0x0924ffb8, 0x09250000)
  from space 8704K,  99% used [0x09ad0000, 0x0a34eda0, 0x0a350000)
  to   space 8704K,   0% used [0x09250000, 0x09250000, 0x09ad0000)
 tenured generation   total 174784K, used 174783K [0x0a350000, 0x14e00000, 0x14e00000)
   the space 174784K,  99% used [0x0a350000, 0x14dfffe8, 0x14e00000, 0x14e00000)
 Metaspace       used 25816K, capacity 26481K, committed 26880K, reserved 27008K
Event: 7449.762 GC heap after
Heap after GC invocations=1044 (full 581):
 def new generation   total 78656K, used 78651K [0x04e00000, 0x0a350000, 0x0a350000)
  eden space 69952K,  99% used [0x04e00000, 0x0924ffb8, 0x09250000)
  from space 8704K,  99% used [0x09ad0000, 0x0a34eda0, 0x0a350000)
  to   space 8704K,   0% used [0x09250000, 0x09250000, 0x09ad0000)
 tenured generation   total 174784K, used 174783K [0x0a350000, 0x14e00000, 0x14e00000)
   the space 174784K,  99% used [0x0a350000, 0x14dfffe8, 0x14e00000, 0x14e00000)
 Metaspace       used 25816K, capacity 26481K, committed 26880K, reserved 27008K
}

