# JRE version: Java(TM) SE Runtime Environment (8.0_191-b12) (build 1.8.0_191-b12)
# Java VM: Java HotSpot(TM) Client VM (25.191-b12 mixed mode windows-x86 )
Heap:
 def new generation   total 78656K, used 78655K [0x05600000, 0x0ab50000, 0x0ab50000)
  eden space 69952K, 100% used [0x05600000, 0x09a50000, 0x09a50000)
  from space 8704K,  99% used [0x0a2d0000, 0x0ab4fff8, 0x0ab50000)
  to   space 8704K,   0% used [0x09a50000, 0x09a50000, 0x0a2d0000)
 tenured generation   total 174784K, used 174783K [0x0ab50000, 0x15600000, 0x15600000)
   the space 174784K,  99% used [0x0ab50000, 0x155ffff0, 0x15600000, 0x15600000)
 Metaspace       used 25648K, capacity 26284K, committed 26496K, reserved 27008K
GC Heap History (10 events):
Event: 3601.192 GC heap before
{Heap before GC invocations=105 (full 43):
 def new generation   total 78656K, used 78655K [0x05600000, 0x0ab50000, 0x0ab50000)
  eden space 69952K,  99% used [0x05600000, 0x09a4fff8, 0x09a50000)
  from space 8704K,  99% used [0x0a2d0000, 0x0ab4fd48, 0x0ab50000)
  to   space 8704K,   0% used [0x09a50000, 0x09a50000, 0x0a2d0000)
 tenured generation   total 174784K, used 174784K [0x0ab50000, 0x15600000, 0x15600000)
   the space 174784K, 100% used [0x0ab50000, 0x15600000, 0x15600000, 0x15600000)
 Metaspace       used 25648K, capacity 26284K, committed 26496K, reserved 27008K
Event: 3601.483 GC heap after
Heap after GC invocations=106 (full 44):
 def new generation   total 78656K, used 78654K [0x05600000, 0x0ab50000, 0x0ab50000)
  eden space 69952K, 100% used [0x05600000, 0x09a50000, 0x09a50000)
  from space 8704K,  99% used [0x0a2d0000, 0x0ab4fae8, 0x0ab50000)
  to   space 8704K,   0% used [0x09a50000, 0x09a50000, 0x0a2d0000)
 tenured generation   total 174784K, used 174783K [0x0ab50000, 0x15600000, 0x15600000)
   the space 174784K,  99% used [0x0ab50000, 0x155ffff0, 0x15600000, 0x15600000)
 Metaspace       used 25648K, capacity 26284K, committed 26496K, reserved 27008K
}
Event: 3601.484 GC heap before
{Heap before GC invocations=106 (full 44):
 def new generation   total 78656K, used 78654K [0x05600000, 0x0ab50000, 0x0ab50000)
  eden space 69952K, 100% used [0x05600000, 0x09a50000, 0x09a50000)
  from space 8704K,  99% used [0x0a2d0000, 0x0ab4fbc0, 0x0ab50000)
  to   space 8704K,   0% used [0x09a50000, 0x09a50000, 0x0a2d0000)
 tenured generation   total 174784K, used 174783K [0x0ab50000, 0x15600000, 0x15600000)
   the space 174784K,  99% used [0x0ab50000, 0x155ffff0, 0x15600000, 0x15600000)
 Metaspace       used 25648K, capacity 26284K, committed 26496K, reserved 27008K
Event: 3601.802 GC heap after
Heap after GC invocations=107 (full 45):
 def new generation   total 78656K, used 78650K [0x05600000, 0x0ab50000, 0x0ab50000)
  eden space 69952K, 100% used [0x05600000, 0x09a50000, 0x09a50000)
  from space 8704K,  99% used [0x0a2d0000, 0x0ab4e8c8, 0x0ab50000)
  to   space 8704K,   0% used [0x09a50000, 0x09a50000, 0x0a2d0000)
 tenured generation   total 174784K, used 174783K [0x0ab50000, 0x15600000, 0x15600000)
   the space 174784K,  99% used [0x0ab50000, 0x155ffff0, 0x15600000, 0x15600000)
 Metaspace       used 25648K, capacity 26284K, committed 26496K, reserved 27008K
}
Event: 3601.802 GC heap before
{Heap before GC invocations=107 (full 45):
 def new generation   total 78656K, used 78656K [0x05600000, 0x0ab50000, 0x0ab50000)
  eden space 69952K, 100% used [0x05600000, 0x09a50000, 0x09a50000)
  from space 8704K, 100% used [0x0a2d0000, 0x0ab50000, 0x0ab50000)
  to   space 8704K,   0% used [0x09a50000, 0x09a50000, 0x0a2d0000)
 tenured generation   total 174784K, used 174783K [0x0ab50000, 0x15600000, 0x15600000)
   the space 174784K,  99% used [0x0ab50000, 0x155ffff0, 0x15600000, 0x15600000)
 Metaspace       used 25648K, capacity 26284K, committed 26496K, reserved 27008K
Event: 3602.133 GC heap after
Heap after GC invocations=108 (full 46):
 def new generation   total 78656K, used 78651K [0x05600000, 0x0ab50000, 0x0ab50000)
  eden space 69952K, 100% used [0x05600000, 0x09a50000, 0x09a50000)
  from space 8704K,  99% used [0x0a2d0000, 0x0ab4ef28, 0x0ab50000)
  to   space 8704K,   0% used [0x09a50000, 0x09a50000, 0x0a2d0000)
 tenured generation   total 174784K, used 174783K [0x0ab50000, 0x15600000, 0x15600000)
   the space 174784K,  99% used [0x0ab50000, 0x155ffff0, 0x15600000, 0x15600000)
 Metaspace       used 25648K, capacity 26284K, committed 26496K, reserved 27008K
}
Event: 3602.134 GC heap before
{Heap before GC invocations=108 (full 46):
 def new generation   total 78656K, used 78652K [0x05600000, 0x0ab50000, 0x0ab50000)
  eden space 69952K, 100% used [0x05600000, 0x09a50000, 0x09a50000)
  from space 8704K,  99% used [0x0a2d0000, 0x0ab4f090, 0x0ab50000)
  to   space 8704K,   0% used [0x09a50000, 0x09a50000, 0x0a2d0000)
 tenured generation   total 174784K, used 174783K [0x0ab50000, 0x15600000, 0x15600000)
   the space 174784K,  99% used [0x0ab50000, 0x155ffff0, 0x15600000, 0x15600000)
 Metaspace       used 25648K, capacity 26284K, committed 26496K, reserved 27008K
Event: 3602.422 GC heap after
Heap after GC invocations=109 (full 47):
 def new generation   total 78656K, used 78652K [0x05600000, 0x0ab50000, 0x0ab50000)
  eden space 69952K, 100% used [0x05600000, 0x09a50000, 0x09a50000)
  from space 8704K,  99% used [0x0a2d0000, 0x0ab4f000, 0x0ab50000)
  to   space 8704K,   0% used [0x09a50000, 0x09a50000, 0x0a2d0000)
 tenured generation   total 174784K, used 174783K [0x0ab50000, 0x15600000, 0x15600000)
   the space 174784K,  99% used [0x0ab50000, 0x155ffff0, 0x15600000, 0x15600000)
 Metaspace       used 25648K, capacity 26284K, committed 26496K, reserved 27008K
}
Event: 3602.422 GC heap before
{Heap before GC invocations=109 (full 47):
 def new generation   total 78656K, used 78652K [0x05600000, 0x0ab50000, 0x0ab50000)
  eden space 69952K, 100% used [0x05600000, 0x09a50000, 0x09a50000)
  from space 8704K,  99% used [0x0a2d0000, 0x0ab4f000, 0x0ab50000)
  to   space 8704K,   0% used [0x09a50000, 0x09a50000, 0x0a2d0000)
 tenured generation   total 174784K, used 174783K [0x0ab50000, 0x15600000, 0x15600000)
   the space 174784K,  99% used [0x0ab50000, 0x155ffff0, 0x15600000, 0x15600000)
 Metaspace       used 25648K, capacity 26284K, committed 26496K, reserved 27008K
Event: 3602.730 GC heap after
Heap after GC invocations=110 (full 48):
 def new generation   total 78656K, used 78652K [0x05600000, 0x0ab50000, 0x0ab50000)
  eden space 69952K, 100% used [0x05600000, 0x09a50000, 0x09a50000)
  from space 8704K,  99% used [0x0a2d0000, 0x0ab4f000, 0x0ab50000)
  to   space 8704K,   0% used [0x09a50000, 0x09a50000, 0x0a2d0000)
 tenured generation   total 174784K, used 174783K [0x0ab50000, 0x15600000, 0x15600000)
   the space 174784K,  99% used [0x0ab50000, 0x155ffff0, 0x15600000, 0x15600000)
 Metaspace       used 25648K, capacity 26284K, committed 26496K, reserved 27008K
}

